[0m19:03:29.351542 [debug] [MainThread]: Sending event: {'category': 'dbt', 'action': 'invocation', 'label': 'start', 'context': [<snowplow_tracker.self_describing_json.SelfDescribingJson object at 0x7fee7afea850>, <snowplow_tracker.self_describing_json.SelfDescribingJson object at 0x7fee7afea650>, <snowplow_tracker.self_describing_json.SelfDescribingJson object at 0x7fee7afea910>]}


============================== 19:03:29.364443 | fca7acb2-0628-46ad-8f11-f85595dd7ded ==============================
[0m19:03:29.364443 [info ] [MainThread]: Running with dbt=1.5.2
[0m19:03:29.365687 [debug] [MainThread]: running dbt with arguments {'printer_width': '80', 'indirect_selection': 'eager', 'write_json': 'True', 'log_cache_events': 'False', 'partial_parse': 'True', 'cache_selected_only': 'False', 'profiles_dir': '/Users/mattdolan/.dbt', 'fail_fast': 'False', 'warn_error': 'None', 'log_path': 'logs', 'version_check': 'True', 'debug': 'False', 'use_colors': 'True', 'use_experimental_parser': 'False', 'no_print': 'None', 'quiet': 'False', 'log_format': 'default', 'introspect': 'True', 'static_parser': 'True', 'warn_error_options': 'WarnErrorOptions(include=[], exclude=[])', 'target_path': 'None', 'send_anonymous_usage_stats': 'True'}
[0m19:03:29.366701 [warn ] [MainThread]: [ConfigFolderDirectory]: Unable to parse dict {'dir': PosixPath('/Users/mattdolan/.dbt')}
[0m19:03:29.367435 [info ] [MainThread]: Creating dbt configuration folder at 
[0m19:03:29.369643 [debug] [MainThread]: Starter project path: /Users/mattdolan/Documents/pythondata/Pycharm/world-bank-wdi-db/lib/python3.7/site-packages/dbt/include/starter_project
[0m19:03:36.073517 [info ] [MainThread]: Profile world_bank written to /Users/mattdolan/.dbt/profiles.yml using target's sample configuration. Once updated, you'll be able to start developing with dbt.
[0m19:03:36.074749 [info ] [MainThread]: 
Your new dbt project "world_bank" was created!

For more information on how to configure the profiles.yml file,
please consult the dbt documentation here:

  https://docs.getdbt.com/docs/configure-your-profile

One more thing:

Need help? Don't hesitate to reach out to us via GitHub issues or on Slack:

  https://community.getdbt.com/

Happy modeling!

[0m19:03:36.077441 [debug] [MainThread]: Command `dbt init` succeeded at 19:03:36.075693 after 6.76 seconds
[0m19:03:36.078527 [debug] [MainThread]: Sending event: {'category': 'dbt', 'action': 'invocation', 'label': 'end', 'context': [<snowplow_tracker.self_describing_json.SelfDescribingJson object at 0x7fee7a22e150>, <snowplow_tracker.self_describing_json.SelfDescribingJson object at 0x7fee75d33910>, <snowplow_tracker.self_describing_json.SelfDescribingJson object at 0x7fee797af650>]}
[0m19:03:36.079465 [debug] [MainThread]: Flushing usage events
[0m19:09:12.264586 [debug] [MainThread]: Sending event: {'category': 'dbt', 'action': 'invocation', 'label': 'start', 'context': [<snowplow_tracker.self_describing_json.SelfDescribingJson object at 0x7f7cf3918ed0>, <snowplow_tracker.self_describing_json.SelfDescribingJson object at 0x7f7cf3918f50>, <snowplow_tracker.self_describing_json.SelfDescribingJson object at 0x7f7cf3918f10>]}


============================== 19:09:12.283884 | d43bff56-daef-4fc3-8972-4ffbcaeb9807 ==============================
[0m19:09:12.283884 [info ] [MainThread]: Running with dbt=1.5.2
[0m19:09:12.287705 [debug] [MainThread]: running dbt with arguments {'printer_width': '80', 'indirect_selection': 'eager', 'log_cache_events': 'False', 'write_json': 'True', 'partial_parse': 'True', 'cache_selected_only': 'False', 'warn_error': 'None', 'fail_fast': 'False', 'profiles_dir': '/Users/mattdolan/.dbt', 'log_path': 'logs', 'debug': 'False', 'version_check': 'True', 'use_colors': 'True', 'use_experimental_parser': 'False', 'no_print': 'None', 'quiet': 'False', 'warn_error_options': 'WarnErrorOptions(include=[], exclude=[])', 'static_parser': 'True', 'log_format': 'default', 'introspect': 'True', 'target_path': 'None', 'send_anonymous_usage_stats': 'True'}
[0m19:09:12.289387 [info ] [MainThread]: dbt version: 1.5.2
[0m19:09:12.290601 [info ] [MainThread]: python version: 3.7.4
[0m19:09:12.291461 [info ] [MainThread]: python path: /Users/mattdolan/Documents/pythondata/Pycharm/world-bank-wdi-db/bin/python
[0m19:09:12.292170 [info ] [MainThread]: os info: Darwin-22.5.0-x86_64-i386-64bit
[0m19:09:12.292935 [info ] [MainThread]: Using profiles.yml file at /Users/mattdolan/.dbt/profiles.yml
[0m19:09:12.293706 [info ] [MainThread]: Using dbt_project.yml file at /Users/mattdolan/PycharmProjects/world-bank-wdi-db/dbt_project.yml
[0m19:09:12.294920 [info ] [MainThread]: Configuration:
[0m19:09:12.406904 [info ] [MainThread]:   profiles.yml file [[32mOK found and valid[0m]
[0m19:09:12.407904 [info ] [MainThread]:   dbt_project.yml file [[31mERROR not found[0m]
[0m19:09:12.408789 [info ] [MainThread]: Required dependencies:
[0m19:09:12.409739 [debug] [MainThread]: Executing "git --help"
[0m19:09:12.454434 [debug] [MainThread]: STDOUT: "b"usage: git [--version] [--help] [-C <path>] [-c <name>=<value>]\n           [--exec-path[=<path>]] [--html-path] [--man-path] [--info-path]\n           [-p | --paginate | -P | --no-pager] [--no-replace-objects] [--bare]\n           [--git-dir=<path>] [--work-tree=<path>] [--namespace=<name>]\n           [--super-prefix=<path>] [--config-env=<name>=<envvar>]\n           <command> [<args>]\n\nThese are common Git commands used in various situations:\n\nstart a working area (see also: git help tutorial)\n   clone             Clone a repository into a new directory\n   init              Create an empty Git repository or reinitialize an existing one\n\nwork on the current change (see also: git help everyday)\n   add               Add file contents to the index\n   mv                Move or rename a file, a directory, or a symlink\n   restore           Restore working tree files\n   rm                Remove files from the working tree and from the index\n   sparse-checkout   Initialize and modify the sparse-checkout\n\nexamine the history and state (see also: git help revisions)\n   bisect            Use binary search to find the commit that introduced a bug\n   diff              Show changes between commits, commit and working tree, etc\n   grep              Print lines matching a pattern\n   log               Show commit logs\n   show              Show various types of objects\n   status            Show the working tree status\n\ngrow, mark and tweak your common history\n   branch            List, create, or delete branches\n   commit            Record changes to the repository\n   merge             Join two or more development histories together\n   rebase            Reapply commits on top of another base tip\n   reset             Reset current HEAD to the specified state\n   switch            Switch branches\n   tag               Create, list, delete or verify a tag object signed with GPG\n\ncollaborate (see also: git help workflows)\n   fetch             Download objects and refs from another repository\n   pull              Fetch from and integrate with another repository or a local branch\n   push              Update remote refs along with associated objects\n\n'git help -a' and 'git help -g' list available subcommands and some\nconcept guides. See 'git help <command>' or 'git help <concept>'\nto read about a specific subcommand or concept.\nSee 'git help git' for an overview of the system.\n""
[0m19:09:12.474034 [debug] [MainThread]: STDERR: "b''"
[0m19:09:12.475429 [info ] [MainThread]:  - git [[32mOK found[0m]

[0m19:09:12.476768 [info ] [MainThread]: Connection:
[0m19:09:12.477727 [info ] [MainThread]:   database: <database name>
[0m19:09:12.480002 [info ] [MainThread]:   schema: main
[0m19:09:12.481542 [info ] [MainThread]:   schemas_and_paths: {'main': '/my_project/data/etl.db'}
[0m19:09:12.482361 [info ] [MainThread]:   schema_directory: /my_project/data
[0m19:09:12.485025 [info ] [MainThread]: Registered adapter: sqlite=1.4.0
[0m19:09:12.487305 [debug] [MainThread]: Acquiring new sqlite connection 'debug'
[0m19:09:12.488868 [debug] [MainThread]: Using sqlite connection "debug"
[0m19:09:12.490894 [debug] [MainThread]: On debug: select 1 as id
[0m19:09:12.492186 [debug] [MainThread]: Opening a new connection, currently in state init
[0m19:09:12.514198 [debug] [MainThread]: On debug: No close available on handle
[0m19:09:12.515512 [info ] [MainThread]:   Connection test: [[31mERROR[0m]

[0m19:09:12.516827 [info ] [MainThread]: [31m2 checks failed:[0m
[0m19:09:12.518173 [info ] [MainThread]: Could not load dbt_project.yml

[0m19:09:12.519487 [info ] [MainThread]: dbt was unable to connect to the specified database.
The database returned the following error:

  >Runtime Error
  Database Error
    unable to open database file

Check your database credentials and try again. For more information, visit:
https://docs.getdbt.com/docs/configure-your-profile


[0m19:09:12.521375 [debug] [MainThread]: Command `dbt debug` failed at 19:09:12.520846 after 0.33 seconds
[0m19:09:12.523573 [debug] [MainThread]: Connection 'debug' was properly closed.
[0m19:09:12.525747 [debug] [MainThread]: Sending event: {'category': 'dbt', 'action': 'invocation', 'label': 'end', 'context': [<snowplow_tracker.self_describing_json.SelfDescribingJson object at 0x7f7cf392f290>, <snowplow_tracker.self_describing_json.SelfDescribingJson object at 0x7f7cf392f410>, <snowplow_tracker.self_describing_json.SelfDescribingJson object at 0x7f7cf38eacd0>]}
[0m19:09:12.544411 [debug] [MainThread]: Flushing usage events
[0m19:11:28.368215 [debug] [MainThread]: Sending event: {'category': 'dbt', 'action': 'invocation', 'label': 'start', 'context': [<snowplow_tracker.self_describing_json.SelfDescribingJson object at 0x7fa3c1018e90>, <snowplow_tracker.self_describing_json.SelfDescribingJson object at 0x7fa3c1018f10>, <snowplow_tracker.self_describing_json.SelfDescribingJson object at 0x7fa3c1018d90>]}


============================== 19:11:28.381690 | ddf33b62-8caa-402d-97a0-e02dfe1911fc ==============================
[0m19:11:28.381690 [info ] [MainThread]: Running with dbt=1.5.2
[0m19:11:28.383491 [debug] [MainThread]: running dbt with arguments {'printer_width': '80', 'indirect_selection': 'eager', 'log_cache_events': 'False', 'write_json': 'True', 'partial_parse': 'True', 'cache_selected_only': 'False', 'warn_error': 'None', 'fail_fast': 'False', 'debug': 'False', 'log_path': 'logs', 'version_check': 'True', 'profiles_dir': '/Users/mattdolan/.dbt', 'use_colors': 'True', 'use_experimental_parser': 'False', 'no_print': 'None', 'quiet': 'False', 'warn_error_options': 'WarnErrorOptions(include=[], exclude=[])', 'introspect': 'True', 'static_parser': 'True', 'log_format': 'default', 'target_path': 'None', 'send_anonymous_usage_stats': 'True'}
[0m19:11:28.385060 [info ] [MainThread]: dbt version: 1.5.2
[0m19:11:28.385852 [info ] [MainThread]: python version: 3.7.4
[0m19:11:28.387169 [info ] [MainThread]: python path: /Users/mattdolan/Documents/pythondata/Pycharm/world-bank-wdi-db/bin/python
[0m19:11:28.387946 [info ] [MainThread]: os info: Darwin-22.5.0-x86_64-i386-64bit
[0m19:11:28.388644 [info ] [MainThread]: Using profiles.yml file at /Users/mattdolan/.dbt/profiles.yml
[0m19:11:28.389338 [info ] [MainThread]: Using dbt_project.yml file at /Users/mattdolan/PycharmProjects/world-bank-wdi-db/dbt_project.yml
[0m19:11:28.390251 [info ] [MainThread]: Configuration:
[0m19:11:28.489004 [info ] [MainThread]:   profiles.yml file [[32mOK found and valid[0m]
[0m19:11:28.489998 [info ] [MainThread]:   dbt_project.yml file [[31mERROR not found[0m]
[0m19:11:28.491727 [info ] [MainThread]: Required dependencies:
[0m19:11:28.493807 [debug] [MainThread]: Executing "git --help"
[0m19:11:28.520829 [debug] [MainThread]: STDOUT: "b"usage: git [--version] [--help] [-C <path>] [-c <name>=<value>]\n           [--exec-path[=<path>]] [--html-path] [--man-path] [--info-path]\n           [-p | --paginate | -P | --no-pager] [--no-replace-objects] [--bare]\n           [--git-dir=<path>] [--work-tree=<path>] [--namespace=<name>]\n           [--super-prefix=<path>] [--config-env=<name>=<envvar>]\n           <command> [<args>]\n\nThese are common Git commands used in various situations:\n\nstart a working area (see also: git help tutorial)\n   clone             Clone a repository into a new directory\n   init              Create an empty Git repository or reinitialize an existing one\n\nwork on the current change (see also: git help everyday)\n   add               Add file contents to the index\n   mv                Move or rename a file, a directory, or a symlink\n   restore           Restore working tree files\n   rm                Remove files from the working tree and from the index\n   sparse-checkout   Initialize and modify the sparse-checkout\n\nexamine the history and state (see also: git help revisions)\n   bisect            Use binary search to find the commit that introduced a bug\n   diff              Show changes between commits, commit and working tree, etc\n   grep              Print lines matching a pattern\n   log               Show commit logs\n   show              Show various types of objects\n   status            Show the working tree status\n\ngrow, mark and tweak your common history\n   branch            List, create, or delete branches\n   commit            Record changes to the repository\n   merge             Join two or more development histories together\n   rebase            Reapply commits on top of another base tip\n   reset             Reset current HEAD to the specified state\n   switch            Switch branches\n   tag               Create, list, delete or verify a tag object signed with GPG\n\ncollaborate (see also: git help workflows)\n   fetch             Download objects and refs from another repository\n   pull              Fetch from and integrate with another repository or a local branch\n   push              Update remote refs along with associated objects\n\n'git help -a' and 'git help -g' list available subcommands and some\nconcept guides. See 'git help <command>' or 'git help <concept>'\nto read about a specific subcommand or concept.\nSee 'git help git' for an overview of the system.\n""
[0m19:11:28.522690 [debug] [MainThread]: STDERR: "b''"
[0m19:11:28.523544 [info ] [MainThread]:  - git [[32mOK found[0m]

[0m19:11:28.526816 [info ] [MainThread]: Connection:
[0m19:11:28.528025 [info ] [MainThread]:   database: <database name>
[0m19:11:28.528999 [info ] [MainThread]:   schema: main
[0m19:11:28.530026 [info ] [MainThread]:   schemas_and_paths: {'main': '/my_project/data/etl.db'}
[0m19:11:28.531016 [info ] [MainThread]:   schema_directory: /my_project/data
[0m19:11:28.533515 [info ] [MainThread]: Registered adapter: sqlite=1.4.0
[0m19:11:28.536022 [debug] [MainThread]: Acquiring new sqlite connection 'debug'
[0m19:11:28.537656 [debug] [MainThread]: Using sqlite connection "debug"
[0m19:11:28.538327 [debug] [MainThread]: On debug: select 1 as id
[0m19:11:28.538884 [debug] [MainThread]: Opening a new connection, currently in state init
[0m19:11:28.548092 [debug] [MainThread]: On debug: No close available on handle
[0m19:11:28.549098 [info ] [MainThread]:   Connection test: [[31mERROR[0m]

[0m19:11:28.550426 [info ] [MainThread]: [31m2 checks failed:[0m
[0m19:11:28.552040 [info ] [MainThread]: Could not load dbt_project.yml

[0m19:11:28.553137 [info ] [MainThread]: dbt was unable to connect to the specified database.
The database returned the following error:

  >Runtime Error
  Database Error
    unable to open database file

Check your database credentials and try again. For more information, visit:
https://docs.getdbt.com/docs/configure-your-profile


[0m19:11:28.555426 [debug] [MainThread]: Command `dbt debug` failed at 19:11:28.555034 after 0.23 seconds
[0m19:11:28.556501 [debug] [MainThread]: Connection 'debug' was properly closed.
[0m19:11:28.560626 [debug] [MainThread]: Sending event: {'category': 'dbt', 'action': 'invocation', 'label': 'end', 'context': [<snowplow_tracker.self_describing_json.SelfDescribingJson object at 0x7fa3c1029250>, <snowplow_tracker.self_describing_json.SelfDescribingJson object at 0x7fa3c1029050>, <snowplow_tracker.self_describing_json.SelfDescribingJson object at 0x7fa3c1029790>]}
[0m19:11:28.563664 [debug] [MainThread]: Flushing usage events
